<?xml version="1.0" encoding="UTF-8"?>
<testsuites name="20191211_180549" timestamp="2019-12-11T18:05:49" time="29.301" tests="10" errors="0">
    <testsuite id="1" name="notepad, Iteration 1 of 2" package="notepad" hostname="CWVSFT525" timestamp="2019-12-11T18:05:51" time="18.378" tests="5" errors="0">
        <properties>
            <property name="Run From" value="CWVSFT525"/>
            <property name="Run OS" value="amd64 Windows 10 10.0"/>
            <property name="Run User" value="ak093674"/>
            <property name="Iteration" value="1 of 2"/>
            <property name="Script" value="notepad.xlsx"/>
            <property name="Logs" value="C:\projects\NotepadTest\output\20191211_180549\logs\nexial-20191211_180549.log"/>
            <property name="Data File" value="notepad.data.xlsx"/>
            <property name="DataSheet(s)" value="#default"/>
            <property name="JAVA_OPT" value="-Dnexial.outputToCloud=true,-Dnexial.enableEmail=false,-Dnexial.openResult=false"/>
            <property name="runtime args" value="-script C:\projects\NotepadTest\artifact\script\notepad.xlsx -scenario Demo"/>
        </properties>
        <testcase id="TestCase1" name="TestCase1" classname="Demo" timestamp="2019-12-11T18:06:06" time="3.868">
            <system-out>Total : 5
                Passed: 5
                Failed: 0
                Output: http://172.20.161.13:8099/execution/NotepadTest/20191211_180549/notepad.20191211_180551.001.xlsx
                Logs : C:\projects\NotepadTest\output\20191211_180549\logs\nexial-20191211_180549.log
            </system-out>
        </testcase>
    </testsuite>
    <testsuite id="2" name="notepad, Iteration 2 of 2" package="notepad" hostname="CWVSFT525" timestamp="2019-12-11T18:06:11" time="4.992" tests="5" errors="0">
        <properties>
            <property name="Run From" value="CWVSFT525"/>
            <property name="Run OS" value="amd64 Windows 10 10.0"/>
            <property name="Run User" value="ak093674"/>
            <property name="Iteration" value="2 of 2"/>
            <property name="Script" value="notepad.xlsx"/>
            <property name="Logs" value="C:\projects\NotepadTest\output\20191211_180549\logs\nexial-20191211_180549.log"/>
            <property name="Data File" value="notepad.data.xlsx"/>
            <property name="DataSheet(s)" value="#default"/>
            <property name="JAVA_OPT" value="-Dnexial.outputToCloud=true,-Dnexial.enableEmail=false,-Dnexial.openResult=false"/>
            <property name="runtime args" value="-script C:\projects\NotepadTest\artifact\script\notepad.xlsx -scenario Demo"/>
        </properties>
        <testcase id="TestCase1" name="TestCase1" classname="Demo" timestamp="2019-12-11T18:06:12" time="3.584">
            <system-out>Total : 5
                Passed: 5
                Failed: 0
                Output: http://172.20.161.13:8099/execution/NotepadTest/20191211_180549/notepad.20191211_180611.002.xlsx
                Logs : C:\projects\NotepadTest\output\20191211_180549\logs\nexial-20191211_180549.log
            </system-out>
        </testcase>
    </testsuite>
</testsuites>
